<?xml version="1.0" encoding="UTF-8"?>
<!-- Generated by org.testng.reporters.JUnitXMLReporter -->
<testsuite ignored="0" hostname="Pranavi" failures="0" tests="15" name="Accounts Page Test" time="35.004" errors="0" timestamp="2024-01-18T13:04:46 IST">
  <testcase classname="com.qa.opencart.tests.AccountsPageTest" name="acctpagetitle" time="0.029"/>
  <testcase classname="com.qa.opencart.tests.AccountsPageTest" name="acctpageurl" time="0.018"/>
  <testcase classname="com.qa.opencart.tests.AccountsPageTest" name="checkacctheaders" time="0.094"/>
  <testcase classname="com.qa.opencart.tests.AccountsPageTest" name="checkacctheaderstext" time="0.067"/>
  <testcase classname="com.qa.opencart.tests.AccountsPageTest" name="logoutlinkexist" time="0.05"/>
  <testcase classname="com.qa.opencart.tests.AccountsPageTest" name="searchproductcount" time="3.812"/>
  <testcase classname="com.qa.opencart.tests.AccountsPageTest" name="searchproductcount" time="3.168"/>
  <testcase classname="com.qa.opencart.tests.AccountsPageTest" name="searchproductcount" time="2.953"/>
  <testcase classname="com.qa.opencart.tests.AccountsPageTest" name="searchproductcount" time="3.313"/>
  <testcase classname="com.qa.opencart.tests.AccountsPageTest" name="searchproductcount" time="3.185"/>
  <testcase classname="com.qa.opencart.tests.AccountsPageTest" name="searchproductcounttest" time="1.815"/>
  <testcase classname="com.qa.opencart.tests.AccountsPageTest" name="searchproductcounttest" time="1.885"/>
  <testcase classname="com.qa.opencart.tests.AccountsPageTest" name="searchproductcounttest" time="1.887"/>
  <testcase classname="com.qa.opencart.tests.AccountsPageTest" name="searchproductcounttest" time="1.965"/>
  <testcase classname="com.qa.opencart.tests.AccountsPageTest" name="searchtextexists" time="0.018"/>
</testsuite> <!-- Accounts Page Test -->
