<?xml version="1.0" encoding="UTF-8"?>
<!-- Generated by org.testng.reporters.JUnitXMLReporter -->
<testsuite ignored="0" hostname="Pranavi" failures="0" tests="4" name="Login Page Test" time="11.334" errors="0" timestamp="2024-01-18T13:04:22 IST">
  <testcase classname="com.qa.opencart.tests.LoginPageTest" name="validatepagetitle" time="0.687"/>
  <testcase classname="com.qa.opencart.tests.LoginPageTest" name="validateurl" time="0.04"/>
  <testcase classname="com.qa.opencart.tests.LoginPageTest" name="checkforgotpasswordlink" time="0.087"/>
  <testcase classname="com.qa.opencart.tests.LoginPageTest" name="logintest" time="2.628"/>
</testsuite> <!-- Login Page Test -->
