<?xml version="1.0" encoding="UTF-8"?>
<!-- Generated by org.testng.reporters.JUnitXMLReporter -->
<testsuite ignored="0" hostname="Pranavi" failures="0" tests="3" name="Registration Page Test" time="50.661" errors="0" timestamp="2024-01-17T13:26:13 IST">
  <testcase classname="com.qa.opencart.tests.RegistrationPageTest" name="registration" time="11.172"/>
  <testcase classname="com.qa.opencart.tests.RegistrationPageTest" name="registration" time="18.196"/>
  <testcase classname="com.qa.opencart.tests.RegistrationPageTest" name="registration" time="9.558"/>
</testsuite> <!-- Registration Page Test -->
